17.7.2024, 12:13:42 - INFO - Server listening on port: 3030
17.7.2024, 12:13:47 - INFO - Server listening on port: 3030
17.7.2024, 12:13:56 - INFO - Server listening on port: 3030
17.7.2024, 12:14:11 - INFO - Server listening on port: 3030
17.7.2024, 12:14:55 - INFO - Server listening on port: 3030
17.7.2024, 12:15:09 - INFO - Server listening on port: 3030
17.7.2024, 12:56:03 - INFO - Server listening on port: 3030
17.7.2024, 12:58:42 - INFO - Server listening on port: 3030
17.7.2024, 12:58:55 - INFO - Server listening on port: 3030
17.7.2024, 13:01:15 - INFO - Server listening on port: 3030
17.7.2024, 13:01:30 - INFO - Server listening on port: 3030
17.7.2024, 13:04:33 - INFO - Server listening on port: 3030
17.7.2024, 13:25:27 - INFO - Server listening on port: 3030
17.7.2024, 13:34:23 - INFO - Server listening on port: 3030
17.7.2024, 13:35:05 - INFO - Server listening on port: 3030
17.7.2024, 13:35:07 - INFO - Server listening on port: 3030
17.7.2024, 13:46:03 - INFO - Server listening on port: 3030
17.7.2024, 13:46:10 - INFO - Server listening on port: 3030
17.7.2024, 13:47:13 - INFO - Server listening on port: 3030
17.7.2024, 13:47:29 - INFO - Server listening on port: 3030
17.7.2024, 13:51:52 - INFO - Server listening on port: 3030
17.7.2024, 13:52:34 - INFO - Server listening on port: 3030
17.7.2024, 13:53:47 - INFO - Server listening on port: 3030
17.7.2024, 13:54:18 - INFO - Server listening on port: 3030
17.7.2024, 13:55:46 - INFO - Server listening on port: 3030
17.7.2024, 13:56:37 - INFO - Server listening on port: 3030
17.7.2024, 13:56:42 - INFO - Server listening on port: 3030
17.7.2024, 13:56:46 - ERROR - Cannot load toy | Toy not found
17.7.2024, 13:56:59 - INFO - Server listening on port: 3030
17.7.2024, 13:57:02 - ERROR - Cannot load toy | Toy not found
17.7.2024, 13:57:29 - INFO - Server listening on port: 3030
17.7.2024, 13:57:31 - ERROR - Cannot load toy | Toy not found
17.7.2024, 13:58:06 - INFO - Server listening on port: 3030
17.7.2024, 13:58:35 - INFO - Server listening on port: 3030
17.7.2024, 13:58:42 - INFO - Server listening on port: 3030
17.7.2024, 13:59:06 - INFO - Server listening on port: 3030
17.7.2024, 13:59:09 - INFO - Server listening on port: 3030
17.7.2024, 14:04:53 - INFO - Server listening on port: 3030
17.7.2024, 14:07:19 - INFO - Server listening on port: 3030
17.7.2024, 14:08:17 - INFO - Server listening on port: 3030
17.7.2024, 14:09:26 - INFO - Server listening on port: 3030
17.7.2024, 14:09:40 - ERROR - Cannot delete toy | ReferenceError: fs is not defined
17.7.2024, 14:09:57 - INFO - Server listening on port: 3030
17.7.2024, 14:10:03 - INFO - Server listening on port: 3030
17.7.2024, 14:10:10 - INFO - Server listening on port: 3030
17.7.2024, 14:10:48 - INFO - Server listening on port: 3030
17.7.2024, 14:12:29 - INFO - Server listening on port: 3030
17.7.2024, 14:12:36 - INFO - Server listening on port: 3030
17.7.2024, 14:12:53 - INFO - Server listening on port: 3030
17.7.2024, 14:13:00 - INFO - Server listening on port: 3030
17.7.2024, 14:13:03 - INFO - Server listening on port: 3030
17.7.2024, 14:13:19 - INFO - Server listening on port: 3030
17.7.2024, 14:13:42 - INFO - Server listening on port: 3030
17.7.2024, 14:13:54 - INFO - Server listening on port: 3030
17.7.2024, 14:14:15 - INFO - Server listening on port: 3030
17.7.2024, 14:14:22 - INFO - Server listening on port: 3030
17.7.2024, 14:16:03 - INFO - Server listening on port: 3030
17.7.2024, 14:16:10 - INFO - Server listening on port: 3030
17.7.2024, 14:16:30 - INFO - Server listening on port: 3030
17.7.2024, 14:21:22 - INFO - Server listening on port: 3030
17.7.2024, 14:21:59 - INFO - Server listening on port: 3030
17.7.2024, 14:24:15 - INFO - Server listening on port: 3030
17.7.2024, 14:24:20 - INFO - Server listening on port: 3030
17.7.2024, 14:25:16 - INFO - Server listening on port: 3030
17.7.2024, 14:25:43 - INFO - Server listening on port: 3030
17.7.2024, 14:26:33 - INFO - Server listening on port: 3030
17.7.2024, 14:28:12 - INFO - Server listening on port: 3030
17.7.2024, 14:32:21 - INFO - Server listening on port: 3030
17.7.2024, 14:32:41 - INFO - Server listening on port: 3030
17.7.2024, 14:35:33 - INFO - Server listening on port: 3030
17.7.2024, 14:36:34 - INFO - Server listening on port: 3030
17.7.2024, 14:36:52 - INFO - Server listening on port: 3030
17.7.2024, 15:19:19 - INFO - Server listening on port: 3030
17.7.2024, 15:19:40 - INFO - Server listening on port: 3030
17.7.2024, 15:20:19 - INFO - Server listening on port: 3030
17.7.2024, 15:20:39 - INFO - Server listening on port: 3030
17.7.2024, 15:20:40 - INFO - Server listening on port: 3030
17.7.2024, 15:25:58 - INFO - Server listening on port: 3030
17.7.2024, 15:39:52 - INFO - Server listening on port: 3030
17.7.2024, 16:39:44 - INFO - Server listening on port: 3030
17.7.2024, 16:40:16 - INFO - Server listening on port: 3030
17.7.2024, 16:42:39 - INFO - Server listening on port: 3030
17.7.2024, 16:43:29 - INFO - Server listening on port: 3030
17.7.2024, 16:44:54 - INFO - Server listening on port: 3030
17.7.2024, 16:46:02 - INFO - Server listening on port: 3030
17.7.2024, 16:53:31 - INFO - Server listening on port: 3030
17.7.2024, 16:57:44 - INFO - Server listening on port: 3030
17.7.2024, 16:59:47 - INFO - Server listening on port: 3030
17.7.2024, 17:01:06 - INFO - Server listening on port: 3030
17.7.2024, 17:05:07 - INFO - Server listening on port: 3030
17.7.2024, 17:09:19 - INFO - Server listening on port: 3030
17.7.2024, 17:09:39 - INFO - Server listening on port: 3030
17.7.2024, 17:10:53 - INFO - Server listening on port: 3030
17.7.2024, 17:11:15 - INFO - Server listening on port: 3030
17.7.2024, 17:11:22 - INFO - Server listening on port: 3030
17.7.2024, 17:11:27 - INFO - Server listening on port: 3030
17.7.2024, 17:16:39 - INFO - Server listening on port: 3030
17.7.2024, 17:18:01 - INFO - Server listening on port: 3030
17.7.2024, 17:18:21 - INFO - Server listening on port: 3030
17.7.2024, 17:19:04 - INFO - Server listening on port: 3030
17.7.2024, 17:19:32 - INFO - Server listening on port: 3030
17.7.2024, 17:19:38 - INFO - Server listening on port: 3030
17.7.2024, 17:21:56 - INFO - Server listening on port: 3030
17.7.2024, 17:22:50 - INFO - Server listening on port: 3030
17.7.2024, 17:22:56 - INFO - Server listening on port: 3030
17.7.2024, 17:23:24 - INFO - Server listening on port: 3030
17.7.2024, 17:23:35 - INFO - Server listening on port: 3030
17.7.2024, 17:23:49 - INFO - Server listening on port: 3030
17.7.2024, 17:23:53 - INFO - Server listening on port: 3030
17.7.2024, 17:29:13 - INFO - Server listening on port: 3030
17.7.2024, 17:31:46 - INFO - Server listening on port: 3030
17.7.2024, 17:35:29 - INFO - Server listening on port: 3030
17.7.2024, 17:39:04 - INFO - Server listening on port: 3030
17.7.2024, 17:39:30 - INFO - Server listening on port: 3030
17.7.2024, 17:41:37 - INFO - Server listening on port: 3030
17.7.2024, 17:43:52 - INFO - Server listening on port: 3030
17.7.2024, 17:48:00 - INFO - Server listening on port: 3030
17.7.2024, 17:48:04 - INFO - Server listening on port: 3030
17.7.2024, 17:49:13 - INFO - Server listening on port: 3030
17.7.2024, 17:50:48 - INFO - Server listening on port: 3030
17.7.2024, 17:50:51 - INFO - Server listening on port: 3030
17.7.2024, 17:52:10 - INFO - Server listening on port: 3030
17.7.2024, 17:54:23 - INFO - Server listening on port: 3030
17.7.2024, 17:54:48 - INFO - Server listening on port: 3030
17.7.2024, 18:00:54 - INFO - Server listening on port: 3030
17.7.2024, 18:12:48 - INFO - Server listening on port: 3030
17.7.2024, 18:13:00 - INFO - Server listening on port: 3030
17.7.2024, 18:13:47 - INFO - Server listening on port: 3030
17.7.2024, 18:14:37 - INFO - Server listening on port: 3030
17.7.2024, 18:14:39 - INFO - Server listening on port: 3030
17.7.2024, 18:21:31 - INFO - Server listening on port: 3030
17.7.2024, 18:23:50 - INFO - Server listening on port: 3030
17.7.2024, 18:42:15 - INFO - Server listening on port: 3030
17.7.2024, 18:42:16 - INFO - Server listening on port: 3030
17.7.2024, 18:43:32 - INFO - Server listening on port: 3030
19.7.2024, 14:26:21 - INFO - Server listening on port: 3030
19.7.2024, 14:36:36 - INFO - Server listening on port: 3030
23.7.2024, 12:24:01 - INFO - Server listening on port: 3030
27.7.2024, 10:59:24 - INFO - Server listening on port: 3030
27.7.2024, 14:45:23 - INFO - Server listening on port: 3030
28.7.2024, 17:44:23 - INFO - Server listening on port: 3030
31.7.2024, 10:06:16 - INFO - Server listening on port: 3030
31.7.2024, 10:42:37 - INFO - Server listening on port: 3030
31.7.2024, 10:59:15 - INFO - Server listening on port: 3030
31.7.2024, 10:59:24 - INFO - Server listening on port: 3030
31.7.2024, 11:00:43 - INFO - Server listening on port: 3030
31.7.2024, 11:02:48 - INFO - Server listening on port: 3030
31.7.2024, 11:34:58 - INFO - Server listening on port: 3030
31.7.2024, 11:37:00 - INFO - Server listening on port: 3030
31.7.2024, 11:37:08 - INFO - Server listening on port: 3030
31.7.2024, 11:37:13 - INFO - Server listening on port: 3030
31.7.2024, 11:37:54 - INFO - Server listening on port: 3030
31.7.2024, 11:38:13 - INFO - Server listening on port: 3030
31.7.2024, 11:38:45 - INFO - Server listening on port: 3030
31.7.2024, 11:38:53 - INFO - Server listening on port: 3030
31.7.2024, 11:41:19 - INFO - Server listening on port: 3030
31.7.2024, 11:41:21 - INFO - Server listening on port: 3030
31.7.2024, 11:50:20 - INFO - Server listening on port: 3030
31.7.2024, 11:53:08 - INFO - Server listening on port: 3030
31.7.2024, 11:54:01 - INFO - Server listening on port: 3030
31.7.2024, 11:54:33 - INFO - Server listening on port: 3030
31.7.2024, 12:02:08 - INFO - Server listening on port: 3030
31.7.2024, 12:21:38 - INFO - Server listening on port: 3030
31.7.2024, 12:56:49 - INFO - Server listening on port: 3030
31.7.2024, 13:06:12 - INFO - Server listening on port: 3030
31.7.2024, 13:06:19 - INFO - Server listening on port: 3030
31.7.2024, 13:06:30 - INFO - Server listening on port: 3030
31.7.2024, 13:06:38 - INFO - Server listening on port: 3030
31.7.2024, 13:31:57 - INFO - Server listening on port: 3030
31.7.2024, 13:35:10 - INFO - Server listening on port: 3030
31.7.2024, 13:35:26 - INFO - Server listening on port: 3030
31.7.2024, 13:36:02 - INFO - Server listening on port: 3030
31.7.2024, 13:36:47 - INFO - Server listening on port: 3030
31.7.2024, 13:44:00 - INFO - Server listening on port: 3030
31.7.2024, 13:45:04 - INFO - Server listening on port: 3030
31.7.2024, 13:45:34 - INFO - Server listening on port: 3030
31.7.2024, 13:47:32 - INFO - Server listening on port: 3030
31.7.2024, 13:47:58 - INFO - Server listening on port: 3030
31.7.2024, 13:48:04 - ERROR - Failed to get toys | ReferenceError: carService is not defined
31.7.2024, 13:48:29 - INFO - Server listening on port: 3030
31.7.2024, 13:48:51 - INFO - Server listening on port: 3030
31.7.2024, 13:49:32 - INFO - Server listening on port: 3030
31.7.2024, 13:49:34 - INFO - Server listening on port: 3030
31.7.2024, 13:51:24 - INFO - Server listening on port: 3030
31.7.2024, 13:52:34 - INFO - Server listening on port: 3030
31.7.2024, 13:53:38 - INFO - Server listening on port: 3030
31.7.2024, 13:53:45 - INFO - Server listening on port: 3030
31.7.2024, 13:59:40 - INFO - Server listening on port: 3030
31.7.2024, 14:00:46 - INFO - Server listening on port: 3030
31.7.2024, 14:01:20 - INFO - Server listening on port: 3030
31.7.2024, 14:04:58 - INFO - Server listening on port: 3030
31.7.2024, 14:05:23 - INFO - Server listening on port: 3030
31.7.2024, 14:05:47 - INFO - Server listening on port: 3030
31.7.2024, 14:06:14 - INFO - Server listening on port: 3030
31.7.2024, 14:07:58 - INFO - Server listening on port: 3030
31.7.2024, 14:08:00 - INFO - Server listening on port: 3030
31.7.2024, 14:10:08 - INFO - Server listening on port: 3030
31.7.2024, 14:10:21 - INFO - Server listening on port: 3030
31.7.2024, 14:10:52 - INFO - Server listening on port: 3030
31.7.2024, 14:10:56 - INFO - Server listening on port: 3030
31.7.2024, 14:12:37 - INFO - Server listening on port: 3030
31.7.2024, 14:13:13 - INFO - Server listening on port: 3030
31.7.2024, 14:14:22 - INFO - Server listening on port: 3030
31.7.2024, 14:14:23 - INFO - Server listening on port: 3030
31.7.2024, 14:14:34 - INFO - Server listening on port: 3030
31.7.2024, 14:14:37 - ERROR - Faild to save toy | ReferenceError: inStock is not defined
31.7.2024, 14:14:48 - INFO - Server listening on port: 3030
31.7.2024, 14:14:49 - INFO - Server listening on port: 3030
31.7.2024, 14:15:03 - INFO - Server listening on port: 3030
31.7.2024, 14:16:44 - ERROR - Faild to save toy | ReferenceError: inStock is not defined
31.7.2024, 14:17:04 - ERROR - Faild to save toy | ReferenceError: inStock is not defined
31.7.2024, 14:20:49 - INFO - Server listening on port: 3030
31.7.2024, 14:21:11 - INFO - Server listening on port: 3030
31.7.2024, 14:21:43 - INFO - Server listening on port: 3030
31.7.2024, 14:22:13 - INFO - Server listening on port: 3030
31.7.2024, 14:23:36 - ERROR - Faild to update toy | ReferenceError: inStock is not defined
31.7.2024, 14:25:04 - ERROR - Faild to get toy | Toy not found
31.7.2024, 14:27:20 - INFO - Server listening on port: 3030
31.7.2024, 14:27:39 - ERROR - Faild to update toy | ReferenceError: inStock is not defined
31.7.2024, 14:28:05 - INFO - Server listening on port: 3030
31.7.2024, 14:28:12 - INFO - Server listening on port: 3030
31.7.2024, 14:28:15 - INFO - Server listening on port: 3030
31.7.2024, 14:28:29 - INFO - Server listening on port: 3030
31.7.2024, 14:29:42 - INFO - Server listening on port: 3030
31.7.2024, 14:30:08 - INFO - Server listening on port: 3030
31.7.2024, 14:33:26 - INFO - Server listening on port: 3030
31.7.2024, 14:33:32 - ERROR - Faild to remove toy | ReferenceError: _id is not defined
31.7.2024, 14:33:33 - INFO - Server listening on port: 3030
31.7.2024, 14:33:38 - ERROR - Faild to remove toy | ReferenceError: _id is not defined
31.7.2024, 14:33:38 - INFO - Server listening on port: 3030
31.7.2024, 14:34:05 - ERROR - Faild to remove toy | ReferenceError: _id is not defined
31.7.2024, 14:34:05 - INFO - Server listening on port: 3030
31.7.2024, 14:34:27 - INFO - Server listening on port: 3030
31.7.2024, 14:34:50 - INFO - Server listening on port: 3030
31.7.2024, 14:34:55 - INFO - Server listening on port: 3030
31.7.2024, 14:34:57 - INFO - Server listening on port: 3030
31.7.2024, 14:35:01 - INFO - Server listening on port: 3030
31.7.2024, 14:35:42 - INFO - Server listening on port: 3030
31.7.2024, 14:46:54 - INFO - Server listening on port: 3030
31.7.2024, 14:55:09 - INFO - Server listening on port: 3030
31.7.2024, 15:00:02 - INFO - Server listening on port: 3030
31.7.2024, 15:00:11 - INFO - Server listening on port: 3030
31.7.2024, 15:00:19 - INFO - Server listening on port: 3030
31.7.2024, 15:00:21 - INFO - Server listening on port: 3030
31.7.2024, 15:00:30 - INFO - Server listening on port: 3030
31.7.2024, 15:05:33 - INFO - Server listening on port: 3030
31.7.2024, 15:05:42 - INFO - Server listening on port: 3030
31.7.2024, 15:15:30 - INFO - Server listening on port: 3030
31.7.2024, 15:15:33 - ERROR - Faild to get Mongo collection | ReferenceError: dbConn is not defined
31.7.2024, 15:15:33 - ERROR - Failed to get toys | ReferenceError: logger is not defined
31.7.2024, 15:15:43 - INFO - Server listening on port: 3030
31.7.2024, 15:16:04 - INFO - Server listening on port: 3030
31.7.2024, 15:16:10 - INFO - Server listening on port: 3030
31.7.2024, 15:16:13 - ERROR - Faild to get Mongo collection | ReferenceError: dbConn is not defined
31.7.2024, 15:16:13 - ERROR - cannot find toys | ReferenceError: dbConn is not defined
31.7.2024, 15:16:13 - ERROR - Failed to get toys | ReferenceError: dbConn is not defined
31.7.2024, 15:16:53 - INFO - Server listening on port: 3030
31.7.2024, 15:16:55 - INFO - Server listening on port: 3030
31.7.2024, 15:16:56 - INFO - Server listening on port: 3030
31.7.2024, 15:17:01 - ERROR - cannot find toys | TypeError: collections.find is not a function
31.7.2024, 15:17:01 - ERROR - Failed to get toys | TypeError: collections.find is not a function
31.7.2024, 15:17:21 - INFO - Server listening on port: 3030
31.7.2024, 15:18:48 - INFO - Server listening on port: 3030
31.7.2024, 15:18:53 - ERROR - cannot find toys | TypeError: collection.find is not a function
31.7.2024, 15:18:53 - ERROR - Failed to get toys | TypeError: collection.find is not a function
31.7.2024, 15:21:04 - INFO - Server listening on port: 3030
31.7.2024, 15:21:41 - INFO - Server listening on port: 3030
31.7.2024, 15:21:50 - INFO - Server listening on port: 3030
31.7.2024, 15:21:52 - ERROR - Failed to get Mongo collection | TypeError: db.getCollection is not a function
31.7.2024, 15:21:52 - ERROR - Failed to get toys | TypeError: db.getCollection is not a function
31.7.2024, 15:21:52 - ERROR - cannot find toys | TypeError: db.getCollection is not a function
31.7.2024, 15:22:13 - INFO - Server listening on port: 3030
31.7.2024, 15:22:17 - ERROR - Failed to get Mongo collection | TypeError: db.getCollection is not a function
31.7.2024, 15:22:17 - ERROR - cannot find toys | TypeError: db.getCollection is not a function
31.7.2024, 15:22:17 - ERROR - Failed to get toys | TypeError: db.getCollection is not a function
31.7.2024, 15:25:25 - INFO - Server listening on port: 3030
31.7.2024, 15:25:39 - ERROR - Failed to get Mongo collection | TypeError: db.getCollection is not a function
31.7.2024, 15:25:39 - ERROR - Failed to get toys | TypeError: db.getCollection is not a function
31.7.2024, 15:25:39 - ERROR - cannot find toys | TypeError: db.getCollection is not a function
31.7.2024, 15:28:49 - INFO - Server listening on port: 3030
31.7.2024, 15:28:52 - ERROR - cannot find toys | TypeError: db.getCollection is not a function
31.7.2024, 15:28:52 - ERROR - Failed to get Mongo collection | TypeError: db.getCollection is not a function
31.7.2024, 15:28:52 - ERROR - Failed to get toys | TypeError: db.getCollection is not a function
31.7.2024, 15:30:51 - INFO - Server listening on port: 3030
31.7.2024, 15:30:53 - ERROR - Failed to get Mongo collection | TypeError: db.getCollection is not a function
31.7.2024, 15:30:53 - ERROR - cannot find toys | TypeError: db.getCollection is not a function
31.7.2024, 15:30:53 - ERROR - Failed to get toys | TypeError: db.getCollection is not a function
31.7.2024, 15:34:13 - ERROR - Failed to get Mongo collection | TypeError: db.getCollection is not a function
31.7.2024, 15:34:13 - ERROR - Failed to get toys | TypeError: db.getCollection is not a function
31.7.2024, 15:34:13 - ERROR - cannot find toys | TypeError: db.getCollection is not a function
31.7.2024, 15:34:23 - INFO - Server listening on port: 3030
31.7.2024, 15:34:25 - ERROR - cannot find toys | MongoServerError: unknown operator: $option
31.7.2024, 15:34:25 - ERROR - Failed to get toys | MongoServerError: unknown operator: $option
31.7.2024, 15:34:59 - INFO - Server listening on port: 3030
31.7.2024, 15:35:30 - INFO - Server listening on port: 3030
31.7.2024, 15:36:07 - INFO - Server listening on port: 3030
31.7.2024, 15:36:45 - INFO - Server listening on port: 3030
31.7.2024, 15:38:29 - ERROR - Failed to update toy | ReferenceError: toys is not defined
31.7.2024, 15:38:44 - ERROR - Failed to update toy | ReferenceError: toys is not defined
31.7.2024, 15:38:52 - ERROR - cannot find toys | MongoServerError: $regex has to be a string
31.7.2024, 15:38:52 - ERROR - Failed to get toys | MongoServerError: $regex has to be a string
31.7.2024, 15:40:21 - INFO - Server listening on port: 3030
31.7.2024, 15:40:23 - ERROR - cannot find toys | MongoServerError: $regex has to be a string
31.7.2024, 15:40:23 - ERROR - Failed to get toys | MongoServerError: $regex has to be a string
31.7.2024, 15:42:00 - ERROR - cannot find toys | MongoServerError: $regex has to be a string
31.7.2024, 15:42:00 - ERROR - Failed to get toys | MongoServerError: $regex has to be a string
31.7.2024, 15:50:04 - INFO - Server listening on port: 3030
31.7.2024, 15:50:08 - ERROR - cannot find toys | MongoInvalidArgumentError: Query filter must be a plain object or ObjectId
31.7.2024, 15:50:08 - ERROR - Failed to get toys | MongoInvalidArgumentError: Query filter must be a plain object or ObjectId
31.7.2024, 15:51:38 - INFO - Server listening on port: 3030
31.7.2024, 15:57:07 - INFO - Server listening on port: 3030
31.7.2024, 15:59:10 - ERROR - Failed to get toy | ReferenceError: toys is not defined
31.7.2024, 15:59:39 - INFO - Server listening on port: 3030
31.7.2024, 15:59:41 - ERROR - cannot find toys | MongoServerError: $or must be an array
31.7.2024, 15:59:41 - ERROR - Failed to get toys | MongoServerError: $or must be an array
31.7.2024, 15:59:51 - INFO - Server listening on port: 3030
31.7.2024, 16:01:18 - INFO - Server listening on port: 3030
31.7.2024, 16:01:58 - INFO - Server listening on port: 3030
31.7.2024, 16:02:04 - INFO - Server listening on port: 3030
31.7.2024, 16:02:13 - INFO - Server listening on port: 3030
31.7.2024, 16:02:30 - INFO - Server listening on port: 3030
31.7.2024, 16:02:33 - INFO - Server listening on port: 3030
31.7.2024, 16:03:40 - INFO - Server listening on port: 3030
31.7.2024, 16:05:19 - INFO - Server listening on port: 3030
31.7.2024, 16:05:24 - ERROR - Cannot find toy | ReferenceError: db is not defined
31.7.2024, 16:05:24 - ERROR - Failed to get toy | ReferenceError: db is not defined
31.7.2024, 16:05:43 - INFO - Server listening on port: 3030
31.7.2024, 16:05:46 - ERROR - Cannot find toy | TypeError: Class constructor ObjectId cannot be invoked without 'new'
31.7.2024, 16:05:46 - ERROR - Failed to get toy | TypeError: Class constructor ObjectId cannot be invoked without 'new'
31.7.2024, 16:07:15 - INFO - Server listening on port: 3030
31.7.2024, 16:07:18 - ERROR - Cannot find toy | TypeError: Class constructor ObjectId cannot be invoked without 'new'
31.7.2024, 16:07:18 - ERROR - Failed to get toy | TypeError: Class constructor ObjectId cannot be invoked without 'new'
31.7.2024, 16:08:04 - INFO - Server listening on port: 3030
31.7.2024, 16:08:31 - INFO - Server listening on port: 3030
31.7.2024, 16:09:29 - INFO - Server listening on port: 3030
31.7.2024, 16:11:32 - INFO - Server listening on port: 3030
31.7.2024, 16:12:00 - INFO - Server listening on port: 3030
31.7.2024, 16:12:12 - INFO - Server listening on port: 3030
31.7.2024, 16:13:23 - INFO - Server listening on port: 3030
31.7.2024, 16:13:33 - INFO - Server listening on port: 3030
31.7.2024, 16:13:35 - INFO - Server listening on port: 3030
31.7.2024, 16:15:40 - INFO - Server listening on port: 3030
31.7.2024, 16:25:41 - INFO - Server listening on port: 3030
31.7.2024, 16:26:13 - INFO - Server listening on port: 3030
31.7.2024, 16:26:14 - INFO - Server listening on port: 3030
31.7.2024, 16:26:16 - INFO - Server listening on port: 3030
31.7.2024, 16:26:41 - ERROR - Failed to update toy | ReferenceError: logger is not defined
31.7.2024, 16:27:02 - INFO - Server listening on port: 3030
31.7.2024, 16:27:06 - ERROR - Failed to update toy | ReferenceError: car is not defined
31.7.2024, 16:27:21 - INFO - Server listening on port: 3030
31.7.2024, 16:27:23 - ERROR - cannot update toy 66a9f54f2e19e6504508ebc2 | MongoServerError: Performing an update on the path '_id' would modify the immutable field '_id'
31.7.2024, 16:27:23 - ERROR - Failed to update toy | MongoServerError: Performing an update on the path '_id' would modify the immutable field '_id'
31.7.2024, 16:27:37 - INFO - Server listening on port: 3030
31.7.2024, 16:27:55 - INFO - Server listening on port: 3030
31.7.2024, 16:27:59 - ERROR - Failed to update toy | MongoServerError: Performing an update on the path '_id' would modify the immutable field '_id'
31.7.2024, 16:27:59 - ERROR - cannot update/save toy 66a9f54f2e19e6504508ebc2 | MongoServerError: Performing an update on the path '_id' would modify the immutable field '_id'
31.7.2024, 16:28:05 - ERROR - Failed to update toy | MongoServerError: Performing an update on the path '_id' would modify the immutable field '_id'
31.7.2024, 16:28:05 - ERROR - cannot update/save toy 66a9f54f2e19e6504508ebc2 | MongoServerError: Performing an update on the path '_id' would modify the immutable field '_id'
31.7.2024, 16:28:33 - INFO - Server listening on port: 3030
31.7.2024, 16:28:39 - INFO - Server listening on port: 3030
31.7.2024, 16:28:41 - INFO - Server listening on port: 3030
31.7.2024, 16:30:14 - INFO - Server listening on port: 3030
31.7.2024, 16:30:22 - ERROR - cannot update/save toy 66a9f54f2e19e6504508ebc6 | MongoServerError: Performing an update on the path '_id' would modify the immutable field '_id'
31.7.2024, 16:30:22 - ERROR - Failed to update toy | MongoServerError: Performing an update on the path '_id' would modify the immutable field '_id'
31.7.2024, 16:30:50 - INFO - Server listening on port: 3030
31.7.2024, 16:31:09 - INFO - Server listening on port: 3030
31.7.2024, 16:31:11 - ERROR - cannot update/save toy 66a9f54f2e19e6504508ebc6 | MongoServerError: Performing an update on the path '_id' would modify the immutable field '_id'
31.7.2024, 16:31:11 - ERROR - Failed to update toy | MongoServerError: Performing an update on the path '_id' would modify the immutable field '_id'
31.7.2024, 16:31:20 - ERROR - cannot update/save toy 66a9f54f2e19e6504508ebc6 | MongoServerError: Performing an update on the path '_id' would modify the immutable field '_id'
31.7.2024, 16:31:20 - ERROR - Failed to update toy | MongoServerError: Performing an update on the path '_id' would modify the immutable field '_id'
31.7.2024, 16:34:24 - INFO - Server listening on port: 3030
31.7.2024, 16:34:33 - INFO - Server listening on port: 3030
31.7.2024, 16:37:20 - INFO - Server listening on port: 3030
31.7.2024, 16:38:00 - INFO - Server listening on port: 3030
31.7.2024, 16:38:09 - ERROR - Failed to update toy | ReferenceError: toyToSave is not defined
31.7.2024, 16:38:09 - ERROR - cannot update/save toy 66a9f54f2e19e6504508ebc7 | ReferenceError: toyToSave is not defined
31.7.2024, 16:38:20 - INFO - Server listening on port: 3030
31.7.2024, 16:38:25 - ERROR - Failed to update toy | MongoServerError: Performing an update on the path '_id' would modify the immutable field '_id'
31.7.2024, 16:38:25 - ERROR - cannot update/save toy 66a9f54f2e19e6504508ebc7 | MongoServerError: Performing an update on the path '_id' would modify the immutable field '_id'
31.7.2024, 16:39:08 - INFO - Server listening on port: 3030
31.7.2024, 16:39:13 - ERROR - cannot update/save toy 66a9f54f2e19e6504508ebc7 | MongoServerError: Performing an update on the path '_id' would modify the immutable field '_id'
31.7.2024, 16:39:13 - ERROR - Failed to update toy | MongoServerError: Performing an update on the path '_id' would modify the immutable field '_id'
31.7.2024, 16:41:23 - INFO - Server listening on port: 3030
31.7.2024, 16:41:30 - ERROR - cannot find toys | MongoServerError: $regex has to be a string
31.7.2024, 16:41:30 - ERROR - Failed to get toys | MongoServerError: $regex has to be a string
31.7.2024, 16:41:42 - ERROR - cannot find toys | MongoServerError: $regex has to be a string
31.7.2024, 16:41:42 - ERROR - Failed to get toys | MongoServerError: $regex has to be a string
31.7.2024, 16:41:48 - ERROR - Failed to get toys | MongoServerError: $regex has to be a string
31.7.2024, 16:41:48 - ERROR - cannot find toys | MongoServerError: $regex has to be a string
31.7.2024, 16:41:55 - ERROR - cannot find toys | MongoServerError: $regex has to be a string
31.7.2024, 16:41:55 - ERROR - Failed to get toys | MongoServerError: $regex has to be a string
31.7.2024, 16:42:18 - ERROR - cannot update/save toy 66a9f54f2e19e6504508ebc6 | MongoServerError: Performing an update on the path '_id' would modify the immutable field '_id'
31.7.2024, 16:42:18 - ERROR - Failed to update toy | MongoServerError: Performing an update on the path '_id' would modify the immutable field '_id'
31.7.2024, 16:43:17 - ERROR - cannot find toys | MongoServerError: $regex has to be a string
31.7.2024, 16:43:17 - ERROR - Failed to get toys | MongoServerError: $regex has to be a string
31.7.2024, 16:43:43 - INFO - Server listening on port: 3030
31.7.2024, 16:43:52 - ERROR - cannot update/save toy 66a9f54f2e19e6504508ebc5 | MongoServerError: Performing an update on the path '_id' would modify the immutable field '_id'
31.7.2024, 16:43:52 - ERROR - Failed to update toy | MongoServerError: Performing an update on the path '_id' would modify the immutable field '_id'
31.7.2024, 16:44:23 - INFO - Server listening on port: 3030
31.7.2024, 16:44:25 - ERROR - cannot update/save toy 66a9f54f2e19e6504508ebc5 | TypeError: Class constructor ObjectId cannot be invoked without 'new'
31.7.2024, 16:44:25 - ERROR - Failed to update toy | TypeError: Class constructor ObjectId cannot be invoked without 'new'
31.7.2024, 16:44:39 - INFO - Server listening on port: 3030
31.7.2024, 16:45:07 - INFO - Server listening on port: 3030
31.7.2024, 16:45:11 - ERROR - Failed to update toy | MongoServerError: Performing an update on the path '_id' would modify the immutable field '_id'
31.7.2024, 16:45:11 - ERROR - cannot update/save toy 66a9f54f2e19e6504508ebc5 | MongoServerError: Performing an update on the path '_id' would modify the immutable field '_id'
31.7.2024, 16:46:24 - INFO - Server listening on port: 3030
31.7.2024, 16:48:48 - INFO - Server listening on port: 3030
31.7.2024, 16:49:01 - INFO - Server listening on port: 3030
31.7.2024, 17:00:43 - ERROR - cannot find toys | MongoServerError: $regex has to be a string
31.7.2024, 17:00:43 - ERROR - Failed to get toys | MongoServerError: $regex has to be a string
31.7.2024, 17:02:17 - INFO - Server listening on port: 3030
31.7.2024, 17:04:06 - ERROR - cannot find toys | MongoServerError: $regex has to be a string
31.7.2024, 17:04:06 - ERROR - Failed to get toys | MongoServerError: $regex has to be a string
31.7.2024, 17:04:26 - ERROR - cannot find toys | MongoServerError: $regex has to be a string
31.7.2024, 17:04:26 - ERROR - Failed to get toys | MongoServerError: $regex has to be a string
31.7.2024, 17:06:08 - INFO - Server listening on port: 3030
31.7.2024, 17:15:17 - INFO - Server listening on port: 3030
31.7.2024, 17:17:05 - INFO - Server listening on port: 3030
31.7.2024, 17:17:34 - INFO - Server listening on port: 3030
31.7.2024, 17:22:59 - INFO - Server listening on port: 3030
31.7.2024, 17:32:00 - INFO - Server listening on port: 3030
31.7.2024, 17:32:34 - INFO - Server listening on port: 3030
31.7.2024, 17:32:48 - INFO - Server listening on port: 3030
31.7.2024, 17:33:19 - INFO - Server listening on port: 3030
31.7.2024, 17:36:24 - INFO - Server listening on port: 3030
31.7.2024, 17:40:52 - INFO - Server listening on port: 3030
31.7.2024, 17:40:59 - INFO - Server listening on port: 3030
31.7.2024, 17:41:12 - INFO - Server listening on port: 3030
31.7.2024, 17:43:01 - INFO - Server listening on port: 3030
31.7.2024, 17:44:27 - INFO - Server listening on port: 3030
31.7.2024, 17:46:44 - INFO - Server listening on port: 3030
31.7.2024, 17:47:01 - INFO - Server listening on port: 3030
31.7.2024, 17:47:08 - INFO - Server listening on port: 3030
31.7.2024, 17:50:44 - INFO - Server listening on port: 3030
31.7.2024, 17:51:03 - INFO - Server listening on port: 3030
31.7.2024, 17:51:30 - INFO - Server listening on port: 3030
31.7.2024, 17:52:44 - INFO - Server listening on port: 3030
31.7.2024, 17:53:07 - INFO - Server listening on port: 3030
31.7.2024, 17:53:31 - INFO - Server listening on port: 3030
31.7.2024, 17:57:12 - INFO - Server listening on port: 3030
31.7.2024, 17:57:31 - INFO - Server listening on port: 3030
31.7.2024, 18:00:59 - INFO - Server listening on port: 3030
31.7.2024, 18:01:22 - INFO - Server listening on port: 3030
31.7.2024, 18:02:15 - INFO - Server listening on port: 3030
31.7.2024, 18:25:26 - INFO - Server listening on port: 3030
31.7.2024, 18:28:02 - INFO - Server listening on port: 3030
31.7.2024, 18:28:23 - INFO - Server listening on port: 3030
31.7.2024, 18:28:55 - INFO - Server listening on port: 3030
31.7.2024, 18:48:20 - INFO - Server listening on port: 3030
31.7.2024, 18:49:50 - INFO - Server listening on port: 3030
31.7.2024, 18:49:52 - ERROR - Failed to get toys | ReferenceError: sortDir is not defined
31.7.2024, 18:49:52 - ERROR - cannot find toys | ReferenceError: sortDir is not defined
31.7.2024, 18:49:54 - ERROR - cannot find toys | ReferenceError: sortDir is not defined
31.7.2024, 18:49:54 - ERROR - Failed to get toys | ReferenceError: sortDir is not defined
31.7.2024, 18:50:02 - INFO - Server listening on port: 3030
31.7.2024, 18:51:01 - INFO - Server listening on port: 3030
31.7.2024, 18:51:22 - INFO - Server listening on port: 3030
31.7.2024, 18:56:39 - INFO - Server listening on port: 3030
31.7.2024, 18:58:48 - INFO - Server listening on port: 3030
31.7.2024, 18:58:52 - ERROR - cannot find toys | MongoServerError: $in needs an array
31.7.2024, 18:58:52 - ERROR - Failed to get toys | MongoServerError: $in needs an array
31.7.2024, 18:59:21 - INFO - Server listening on port: 3030
31.7.2024, 18:59:29 - ERROR - cannot find toys | MongoServerError: $in needs an array
31.7.2024, 18:59:29 - ERROR - Failed to get toys | MongoServerError: $in needs an array
31.7.2024, 18:59:34 - ERROR - Failed to get toys | MongoServerError: $in needs an array
31.7.2024, 18:59:34 - ERROR - cannot find toys | MongoServerError: $in needs an array
31.7.2024, 18:59:36 - ERROR - cannot find toys | MongoServerError: $in needs an array
31.7.2024, 18:59:36 - ERROR - Failed to get toys | MongoServerError: $in needs an array
31.7.2024, 19:00:05 - INFO - Server listening on port: 3030
31.7.2024, 19:00:09 - ERROR - cannot find toys | MongoServerError: $in needs an array
31.7.2024, 19:00:09 - ERROR - Failed to get toys | MongoServerError: $in needs an array
31.7.2024, 19:00:10 - ERROR - cannot find toys | MongoServerError: $in needs an array
31.7.2024, 19:00:10 - ERROR - Failed to get toys | MongoServerError: $in needs an array
31.7.2024, 19:00:54 - INFO - Server listening on port: 3030
31.7.2024, 19:00:55 - ERROR - cannot find toys | TypeError: Cannot read properties of undefined (reading 'length')
31.7.2024, 19:00:55 - ERROR - Failed to get toys | TypeError: Cannot read properties of undefined (reading 'length')
31.7.2024, 19:01:35 - INFO - Server listening on port: 3030
31.7.2024, 19:01:39 - ERROR - cannot find toys | TypeError: Cannot read properties of undefined (reading 'length')
31.7.2024, 19:01:39 - ERROR - Failed to get toys | TypeError: Cannot read properties of undefined (reading 'length')
31.7.2024, 19:01:40 - ERROR - cannot find toys | MongoServerError: unknown operator: $or
31.7.2024, 19:01:40 - ERROR - Failed to get toys | MongoServerError: unknown operator: $or
31.7.2024, 19:01:41 - ERROR - cannot find toys | MongoServerError: unknown operator: $or
31.7.2024, 19:01:41 - ERROR - Failed to get toys | MongoServerError: unknown operator: $or
31.7.2024, 19:01:42 - ERROR - cannot find toys | MongoServerError: unknown operator: $or
31.7.2024, 19:01:42 - ERROR - Failed to get toys | MongoServerError: unknown operator: $or
31.7.2024, 19:01:46 - ERROR - cannot find toys | MongoServerError: unknown operator: $or
31.7.2024, 19:01:46 - ERROR - Failed to get toys | MongoServerError: unknown operator: $or
31.7.2024, 19:01:55 - INFO - Server listening on port: 3030
31.7.2024, 19:01:56 - ERROR - cannot find toys | TypeError: Cannot read properties of undefined (reading 'length')
31.7.2024, 19:01:56 - ERROR - Failed to get toys | TypeError: Cannot read properties of undefined (reading 'length')
31.7.2024, 19:02:17 - INFO - Server listening on port: 3030
31.7.2024, 19:02:19 - ERROR - cannot find toys | TypeError: Cannot read properties of undefined (reading 'length')
31.7.2024, 19:02:19 - ERROR - Failed to get toys | TypeError: Cannot read properties of undefined (reading 'length')
31.7.2024, 19:02:33 - INFO - Server listening on port: 3030
31.7.2024, 19:03:19 - INFO - Server listening on port: 3030
31.7.2024, 19:03:25 - INFO - Server listening on port: 3030
31.7.2024, 19:04:27 - INFO - Server listening on port: 3030
31.7.2024, 19:04:28 - ERROR - cannot find toys | ReferenceError: filteredCriteria is not defined
31.7.2024, 19:04:28 - ERROR - Failed to get toys | ReferenceError: filteredCriteria is not defined
31.7.2024, 19:04:38 - INFO - Server listening on port: 3030
31.7.2024, 19:04:39 - ERROR - cannot find toys | MongoServerError: $and must be an array
31.7.2024, 19:04:39 - ERROR - Failed to get toys | MongoServerError: $and must be an array
31.7.2024, 19:04:53 - INFO - Server listening on port: 3030
31.7.2024, 19:04:54 - ERROR - cannot find toys | MongoServerError: FieldPath cannot be constructed with empty string
31.7.2024, 19:04:54 - ERROR - Failed to get toys | MongoServerError: FieldPath cannot be constructed with empty string
31.7.2024, 19:07:19 - INFO - Server listening on port: 3030
